#
# A fatal error has been detected by the Java Runtime Environment:
#
#  EXCEPTION_ACCESS_VIOLATION (0xc0000005) at pc=0x0000000060c172cd, pid=8924, tid=0x0000000000002b04
#
# JRE version: Java(TM) SE Runtime Environment (8.0_171-b11) (build 1.8.0_171-b11)
# Java VM: Java HotSpot(TM) 64-Bit Server VM (25.171-b11 mixed mode windows-amd64 compressed oops)
# Problematic frame:
# V  [jvm.dll+0x1c72cd]
#
# Failed to write core dump. Minidumps are not enabled by default on client versions of Windows
#
# If you would like to submit a bug report, please visit:
#   http://bugreport.java.com/bugreport/crash.jsp
#

---------------  T H R E A D  ---------------

Current thread (0x0000000019d93000):  JavaThread "JDWP Transport Listener: dt_socket" daemon [_thread_in_vm, id=11012, stack(0x000000001a890000,0x000000001a990000)]

siginfo: ExceptionCode=0xc0000005, reading address 0x0000000000000008

Registers:
RAX=0x000000001a98ecb0, RBX=0x0000000019d93000, RCX=0x0000000019d9cd58, RDX=0x0000000000000006
RSP=0x000000001a98eb10, RBP=0x000000001a98eca0, RSI=0x0000000000000002, RDI=0x0000000000000000
R8 =0x0000000000000006, R9 =0x0000000019d9ad90, R10=0x0000000000000000, R11=0x0000000000000000
R12=0x000000000000a20c, R13=0x0000000060a50000, R14=0x000000000000a20c, R15=0x000000000000ffff
RIP=0x0000000060c172cd, EFLAGS=0x0000000000010206

Top of Stack: (sp=0x000000001a98eb10)
0x000000001a98eb10:   0000000000000401 0000000019d93000
0x000000001a98eb20:   0000000019d93000 0000000000000000
0x000000001a98eb30:   000000001a98eb60 0000000019d93000
0x000000001a98eb40:   000000001a98eca0 000000003a3a6058
0x000000001a98eb50:   0000000000000401 0000ffff0000a20c
0x000000001a98eb60:   0000000000010413 0000000019d93000
0x000000001a98eb70:   0000000019d93000 0000000000000012
0x000000001a98eb80:   0000000000000000 0000000000000000
0x000000001a98eb90:   000000001a98f2a0 000000000000a20c
0x000000001a98eba0:   000000001a98ecb0 0000000000000000
0x000000001a98ebb0:   0000000000000000 000000002418c810
0x000000001a98ebc0:   0000000019d93000 000000000000044d
0x000000001a98ebd0:   0000000039500330 0000ffff0000ffff
0x000000001a98ebe0:   0000000000000000 0000000000000000
0x000000001a98ebf0:   000000002418c810 0000000019d93000
0x000000001a98ec00:   00000000241695b0 0000000039510350 

Instructions: (pc=0x0000000060c172cd)
0x0000000060c172ad:   8b cd e8 cc e6 e6 ff 48 8b 8c 24 90 00 00 00 48
0x0000000060c172bd:   8b d0 e8 bc e6 e6 ff 4c 8b 5d 00 4c 8b 54 24 70
0x0000000060c172cd:   49 8b 43 08 44 0f b7 78 20 48 8d 58 30 41 0f b6
0x0000000060c172dd:   44 04 30 48 89 5c 24 38 44 89 7c 24 4c 42 0f b6 


Register to memory mapping:

RAX=0x000000001a98ecb0 is pointing into the stack for thread: 0x0000000019d93000
RBX=0x0000000019d93000 is a thread
RCX=0x0000000019d9cd58 is an unknown value
RDX=0x0000000000000006 is an unknown value
RSP=0x000000001a98eb10 is pointing into the stack for thread: 0x0000000019d93000
RBP=0x000000001a98eca0 is pointing into the stack for thread: 0x0000000019d93000
RSI=0x0000000000000002 is an unknown value
RDI=0x0000000000000000 is an unknown value
R8 =0x0000000000000006 is an unknown value
R9 =0x0000000019d9ad90 is an unknown value
R10=0x0000000000000000 is an unknown value
R11=0x0000000000000000 is an unknown value
R12=0x000000000000a20c is an unknown value
R13=0x0000000060a50000 is an unknown value
R14=0x000000000000a20c is an unknown value
R15=0x000000000000ffff is an unknown value


Stack: [0x000000001a890000,0x000000001a990000],  sp=0x000000001a98eb10,  free space=1018k
Native frames: (J=compiled Java code, j=interpreted, Vv=VM code, C=native code)
V  [jvm.dll+0x1c72cd]
V  [jvm.dll+0x1ca7a8]
V  [jvm.dll+0x1cc34a]
V  [jvm.dll+0x1cce95]
V  [jvm.dll+0x1cd92b]
V  [jvm.dll+0x1ce252]
V  [jvm.dll+0x24b690]
V  [jvm.dll+0x1a4b51]
V  [jvm.dll+0x34bc14]
C  [jdwp.dll+0x9e6b]
C  [jdwp.dll+0xf15d]
C  [jdwp.dll+0x1f5c9]
C  [jdwp.dll+0x1f79e]
V  [jvm.dll+0x1be07a]
V  [jvm.dll+0x245adf]
V  [jvm.dll+0x29d40a]
C  [msvcr100.dll+0x21d9f]
C  [msvcr100.dll+0x21e3b]
C  [KERNEL32.DLL+0x17034]
C  [ntdll.dll+0x52651]


---------------  P R O C E S S  ---------------

Java Threads: ( => current thread )
  0x0000000021265800 JavaThread "RMI TCP Connection(idle)" daemon [_thread_blocked, id=18276, stack(0x0000000023e40000,0x0000000023f40000)]
  0x000000002125a000 JavaThread "RMI TCP Connection(idle)" daemon [_thread_blocked, id=16876, stack(0x0000000023c40000,0x0000000023d40000)]
  0x000000002125f800 JavaThread "RMI TCP Connection(idle)" daemon [_thread_blocked, id=11336, stack(0x0000000023b40000,0x0000000023c40000)]
  0x0000000021261000 JavaThread "http-nio-8182-Acceptor-0" daemon [_thread_in_native, id=14736, stack(0x0000000023a40000,0x0000000023b40000)]
  0x000000002125e800 JavaThread "http-nio-8182-ClientPoller-1" daemon [_thread_blocked, id=21892, stack(0x0000000023940000,0x0000000023a40000)]
  0x000000002125d000 JavaThread "http-nio-8182-ClientPoller-0" daemon [_thread_blocked, id=9488, stack(0x0000000023840000,0x0000000023940000)]
  0x0000000021260000 JavaThread "http-nio-8182-exec-10" daemon [_thread_blocked, id=12972, stack(0x0000000023740000,0x0000000023840000)]
  0x000000002125e000 JavaThread "http-nio-8182-exec-9" daemon [_thread_blocked, id=23476, stack(0x0000000023640000,0x0000000023740000)]
  0x0000000021257000 JavaThread "http-nio-8182-exec-8" daemon [_thread_blocked, id=22384, stack(0x0000000023540000,0x0000000023640000)]
  0x000000002125c800 JavaThread "http-nio-8182-exec-7" daemon [_thread_blocked, id=20736, stack(0x0000000023440000,0x0000000023540000)]
  0x0000000021256800 JavaThread "http-nio-8182-exec-6" daemon [_thread_blocked, id=19640, stack(0x0000000023340000,0x0000000023440000)]
  0x0000000021258800 JavaThread "http-nio-8182-exec-5" daemon [_thread_blocked, id=19136, stack(0x0000000023240000,0x0000000023340000)]
  0x0000000021259800 JavaThread "http-nio-8182-exec-4" daemon [_thread_blocked, id=9768, stack(0x0000000023140000,0x0000000023240000)]
  0x0000000021258000 JavaThread "http-nio-8182-exec-3" daemon [_thread_blocked, id=18480, stack(0x0000000023040000,0x0000000023140000)]
  0x000000002125b800 JavaThread "http-nio-8182-exec-2" daemon [_thread_blocked, id=20880, stack(0x0000000022f40000,0x0000000023040000)]
  0x000000002125b000 JavaThread "http-nio-8182-exec-1" daemon [_thread_blocked, id=17080, stack(0x0000000022e40000,0x0000000022f40000)]
  0x000000001bbcf800 JavaThread "NioBlockingSelector.BlockPoller-2" daemon [_thread_blocked, id=18140, stack(0x0000000022d40000,0x0000000022e40000)]
  0x000000001bbcc000 JavaThread "File Watcher" daemon [_thread_blocked, id=7656, stack(0x0000000022c40000,0x0000000022d40000)]
  0x000000001bbcf000 JavaThread "container-0" [_thread_blocked, id=4224, stack(0x0000000022440000,0x0000000022540000)]
  0x000000001bbcd800 JavaThread "Catalina-utility-2" [_thread_blocked, id=19764, stack(0x0000000022340000,0x0000000022440000)]
  0x000000001bbca800 JavaThread "Catalina-utility-1" [_thread_blocked, id=6664, stack(0x0000000022240000,0x0000000022340000)]
  0x000000001bbc9800 JavaThread "HikariPool-2 housekeeper" daemon [_thread_blocked, id=14400, stack(0x0000000022140000,0x0000000022240000)]
  0x000000001bbcb000 JavaThread "PostgreSQL-JDBC-SharedTimer-2" daemon [_thread_blocked, id=14492, stack(0x000000001d5a0000,0x000000001d6a0000)]
  0x000000001bbd0800 JavaThread "RMI TCP Connection(idle)" daemon [_thread_blocked, id=15280, stack(0x0000000024040000,0x0000000024140000)]
  0x0000000021264000 JavaThread "DestroyJavaVM" [_thread_blocked, id=6788, stack(0x0000000002ef0000,0x0000000002ff0000)]
  0x000000001c365800 JavaThread "Live Reload Server" daemon [_thread_in_native, id=4596, stack(0x0000000022540000,0x0000000022640000)]
  0x000000001c0e5800 JavaThread "JMX server connection timeout 25" daemon [_thread_blocked, id=2572, stack(0x000000001d6a0000,0x000000001d7a0000)]
  0x000000001bc07800 JavaThread "RMI Scheduler(0)" daemon [_thread_blocked, id=11260, stack(0x000000001d0a0000,0x000000001d1a0000)]
  0x000000001ba53800 JavaThread "RMI TCP Accept-0" daemon [_thread_in_native, id=13552, stack(0x000000001ca60000,0x000000001cb60000)]
  0x000000001ba43800 JavaThread "RMI TCP Accept-53194" daemon [_thread_in_native, id=10900, stack(0x000000001c960000,0x000000001ca60000)]
  0x000000001ba36800 JavaThread "RMI TCP Accept-0" daemon [_thread_in_native, id=23028, stack(0x000000001c860000,0x000000001c960000)]
  0x0000000019e42000 JavaThread "Service Thread" daemon [_thread_blocked, id=19440, stack(0x000000001af90000,0x000000001b090000)]
  0x0000000019dba000 JavaThread "C1 CompilerThread3" daemon [_thread_blocked, id=12608, stack(0x000000001ae90000,0x000000001af90000)]
  0x0000000019db7000 JavaThread "C2 CompilerThread2" daemon [_thread_blocked, id=3876, stack(0x000000001ad90000,0x000000001ae90000)]
  0x0000000019db6800 JavaThread "C2 CompilerThread1" daemon [_thread_blocked, id=15632, stack(0x000000001ac90000,0x000000001ad90000)]
  0x0000000019db1000 JavaThread "C2 CompilerThread0" daemon [_thread_blocked, id=7576, stack(0x000000001ab90000,0x000000001ac90000)]
  0x0000000019da1800 JavaThread "JDWP Command Reader" daemon [_thread_in_native, id=1900, stack(0x000000001aa90000,0x000000001ab90000)]
  0x0000000019d9e800 JavaThread "JDWP Event Helper Thread" daemon [_thread_blocked, id=13472, stack(0x000000001a990000,0x000000001aa90000)]
=>0x0000000019d93000 JavaThread "JDWP Transport Listener: dt_socket" daemon [_thread_in_vm, id=11012, stack(0x000000001a890000,0x000000001a990000)]
  0x0000000019d87000 JavaThread "Attach Listener" daemon [_thread_blocked, id=6412, stack(0x000000001a450000,0x000000001a550000)]
  0x0000000019d84000 JavaThread "Signal Dispatcher" daemon [_thread_blocked, id=18892, stack(0x000000001a350000,0x000000001a450000)]
  0x0000000019d70800 JavaThread "Finalizer" daemon [_thread_blocked, id=19060, stack(0x000000001a150000,0x000000001a250000)]
  0x0000000017e70800 JavaThread "Reference Handler" daemon [_thread_blocked, id=3536, stack(0x0000000019c50000,0x0000000019d50000)]

Other Threads:
  0x0000000017e68800 VMThread [stack: 0x0000000019b50000,0x0000000019c50000] [id=12572]
  0x000000001ba5d000 WatcherThread [stack: 0x000000001cb60000,0x000000001cc60000] [id=20232]

VM state:synchronizing (normal execution)

VM Mutex/Monitor currently owned by a thread:  ([mutex/lock_event])
[0x0000000002ff96e0] Threads_lock - owner thread: 0x0000000017e68800

Heap:
 PSYoungGen      total 588800K, used 2353K [0x00000000d7000000, 0x00000000fe980000, 0x0000000100000000)
  eden space 588288K, 0% used [0x00000000d7000000,0x00000000d724c480,0x00000000fae80000)
  from space 512K, 0% used [0x00000000fca00000,0x00000000fca00000,0x00000000fca80000)
  to   space 27648K, 0% used [0x00000000fce80000,0x00000000fce80000,0x00000000fe980000)
 ParOldGen       total 138240K, used 46930K [0x0000000085000000, 0x000000008d700000, 0x00000000d7000000)
  object space 138240K, 33% used [0x0000000085000000,0x0000000087dd4a58,0x000000008d700000)
 Metaspace       used 229315K, capacity 234255K, committed 240000K, reserved 1280000K
  class space    used 9072K, capacity 9723K, committed 9856K, reserved 1048576K

Card table byte_map: [0x00000000124b0000,0x0000000012890000] byte_map_base: 0x0000000012088000

Marking Bits: (ParMarkBitMap*) 0x00000000612708c0
 Begin Bits: [0x0000000013320000, 0x00000000151e0000)
 End Bits:   [0x00000000151e0000, 0x00000000170a0000)

Polling page: 0x00000000010e0000

CodeCache: size=245760Kb used=17972Kb max_used=17972Kb free=227787Kb
 bounds [0x00000000030f0000, 0x0000000004290000, 0x00000000120f0000]
 total_blobs=9882 nmethods=9324 adapters=475
 compilation: enabled

Compilation events (10 events):
Event: 733.826 Thread 0x0000000019dba000 9510       1       java.io.ObjectStreamClass$FieldReflector::setPrimFieldValues (329 bytes)
Event: 733.826 Thread 0x0000000019dba000 nmethod 9510 0x000000000427eed0 code [0x000000000427f0c0, 0x000000000427f698]
Event: 733.826 Thread 0x0000000019dba000 9511       1       java.io.ObjectStreamClass::setObjFieldValues (10 bytes)
Event: 733.826 Thread 0x0000000019dba000 nmethod 9511 0x000000000427ff90 code [0x00000000042800e0, 0x0000000004280248]
Event: 734.026 Thread 0x0000000019dba000 9512       1       java.io.ObjectStreamClass::setPrimFieldValues (10 bytes)
Event: 734.026 Thread 0x0000000019dba000 nmethod 9512 0x0000000004280310 code [0x0000000004280460, 0x00000000042805c8]
Event: 736.483 Thread 0x0000000019dba000 9513       1       java.io.ObjectInputStream::defaultReadFields (199 bytes)
Event: 736.484 Thread 0x0000000019dba000 nmethod 9513 0x0000000004280690 code [0x0000000004280860, 0x0000000004280ea8]
Event: 770.267 Thread 0x0000000019dba000 9514       1       org.springframework.boot.devtools.filewatch.ChangedFile::hashCode (19 bytes)
Event: 770.267 Thread 0x0000000019dba000 nmethod 9514 0x0000000004281550 code [0x00000000042816c0, 0x0000000004281888]

GC Heap History (10 events):
Event: 731.614 GC heap before
{Heap before GC invocations=19 (full 4):
 PSYoungGen      total 647680K, used 624640K [0x00000000d7000000, 0x0000000100000000, 0x0000000100000000)
  eden space 624640K, 100% used [0x00000000d7000000,0x00000000fd200000,0x00000000fd200000)
  from space 23040K, 0% used [0x00000000fe980000,0x00000000fe980000,0x0000000100000000)
  to   space 23552K, 0% used [0x00000000fd200000,0x00000000fd200000,0x00000000fe900000)
 ParOldGen       total 101376K, used 43581K [0x0000000085000000, 0x000000008b300000, 0x00000000d7000000)
  object space 101376K, 42% used [0x0000000085000000,0x0000000087a8f438,0x000000008b300000)
 Metaspace       used 67106K, capacity 71045K, committed 71296K, reserved 1110016K
  class space    used 9071K, capacity 9724K, committed 9856K, reserved 1048576K
Event: 731.636 GC heap after
Heap after GC invocations=19 (full 4):
 PSYoungGen      total 648192K, used 23551K [0x00000000d7000000, 0x0000000100000000, 0x0000000100000000)
  eden space 624640K, 0% used [0x00000000d7000000,0x00000000d7000000,0x00000000fd200000)
  from space 23552K, 99% used [0x00000000fd200000,0x00000000fe8ffe18,0x00000000fe900000)
  to   space 23552K, 0% used [0x00000000fe900000,0x00000000fe900000,0x0000000100000000)
 ParOldGen       total 101376K, used 45424K [0x0000000085000000, 0x000000008b300000, 0x00000000d7000000)
  object space 101376K, 44% used [0x0000000085000000,0x0000000087c5c290,0x000000008b300000)
 Metaspace       used 67106K, capacity 71045K, committed 71296K, reserved 1110016K
  class space    used 9071K, capacity 9724K, committed 9856K, reserved 1048576K
}
Event: 769.056 GC heap before
{Heap before GC invocations=20 (full 4):
 PSYoungGen      total 648192K, used 132229K [0x00000000d7000000, 0x0000000100000000, 0x0000000100000000)
  eden space 624640K, 17% used [0x00000000d7000000,0x00000000dda219a8,0x00000000fd200000)
  from space 23552K, 99% used [0x00000000fd200000,0x00000000fe8ffe18,0x00000000fe900000)
  to   space 23552K, 0% used [0x00000000fe900000,0x00000000fe900000,0x0000000100000000)
 ParOldGen       total 101376K, used 45424K [0x0000000085000000, 0x000000008b300000, 0x00000000d7000000)
  object space 101376K, 44% used [0x0000000085000000,0x0000000087c5c290,0x000000008b300000)
 Metaspace       used 108121K, capacity 112424K, committed 114136K, reserved 1153024K
  class space    used 9075K, capacity 9728K, committed 9856K, reserved 1048576K
Event: 769.065 GC heap after
Heap after GC invocations=20 (full 4):
 PSYoungGen      total 640000K, used 1920K [0x00000000d7000000, 0x0000000100000000, 0x0000000100000000)
  eden space 616448K, 0% used [0x00000000d7000000,0x00000000d7000000,0x00000000fca00000)
  from space 23552K, 8% used [0x00000000fe900000,0x00000000feae0020,0x0000000100000000)
  to   space 27648K, 0% used [0x00000000fca00000,0x00000000fca00000,0x00000000fe500000)
 ParOldGen       total 101376K, used 61453K [0x0000000085000000, 0x000000008b300000, 0x00000000d7000000)
  object space 101376K, 60% used [0x0000000085000000,0x0000000088c03600,0x000000008b300000)
 Metaspace       used 108121K, capacity 112424K, committed 114136K, reserved 1153024K
  class space    used 9075K, capacity 9728K, committed 9856K, reserved 1048576K
}
Event: 769.065 GC heap before
{Heap before GC invocations=21 (full 5):
 PSYoungGen      total 640000K, used 1920K [0x00000000d7000000, 0x0000000100000000, 0x0000000100000000)
  eden space 616448K, 0% used [0x00000000d7000000,0x00000000d7000000,0x00000000fca00000)
  from space 23552K, 8% used [0x00000000fe900000,0x00000000feae0020,0x0000000100000000)
  to   space 27648K, 0% used [0x00000000fca00000,0x00000000fca00000,0x00000000fe500000)
 ParOldGen       total 101376K, used 61453K [0x0000000085000000, 0x000000008b300000, 0x00000000d7000000)
  object space 101376K, 60% used [0x0000000085000000,0x0000000088c03600,0x000000008b300000)
 Metaspace       used 108121K, capacity 112424K, committed 114136K, reserved 1153024K
  class space    used 9075K, capacity 9728K, committed 9856K, reserved 1048576K
Event: 769.217 GC heap after
Heap after GC invocations=21 (full 5):
 PSYoungGen      total 640000K, used 0K [0x00000000d7000000, 0x0000000100000000, 0x0000000100000000)
  eden space 616448K, 0% used [0x00000000d7000000,0x00000000d7000000,0x00000000fca00000)
  from space 23552K, 0% used [0x00000000fe900000,0x00000000fe900000,0x0000000100000000)
  to   space 27648K, 0% used [0x00000000fca00000,0x00000000fca00000,0x00000000fe500000)
 ParOldGen       total 117248K, used 46761K [0x0000000085000000, 0x000000008c280000, 0x00000000d7000000)
  object space 117248K, 39% used [0x0000000085000000,0x0000000087daa598,0x000000008c280000)
 Metaspace       used 108081K, capacity 112324K, committed 114136K, reserved 1153024K
  class space    used 9072K, capacity 9723K, committed 9856K, reserved 1048576K
}
Event: 770.049 GC heap before
{Heap before GC invocations=22 (full 5):
 PSYoungGen      total 640000K, used 10171K [0x00000000d7000000, 0x0000000100000000, 0x0000000100000000)
  eden space 616448K, 1% used [0x00000000d7000000,0x00000000d79eed28,0x00000000fca00000)
  from space 23552K, 0% used [0x00000000fe900000,0x00000000fe900000,0x0000000100000000)
  to   space 27648K, 0% used [0x00000000fca00000,0x00000000fca00000,0x00000000fe500000)
 ParOldGen       total 117248K, used 46761K [0x0000000085000000, 0x000000008c280000, 0x00000000d7000000)
  object space 117248K, 39% used [0x0000000085000000,0x0000000087daa598,0x000000008c280000)
 Metaspace       used 181066K, capacity 185783K, committed 190228K, reserved 1230848K
  class space    used 9072K, capacity 9723K, committed 9856K, reserved 1048576K
Event: 770.052 GC heap after
Heap after GC invocations=22 (full 5):
 PSYoungGen      total 588800K, used 320K [0x00000000d7000000, 0x00000000fe980000, 0x0000000100000000)
  eden space 588288K, 0% used [0x00000000d7000000,0x00000000d7000000,0x00000000fae80000)
  from space 512K, 62% used [0x00000000fca00000,0x00000000fca50000,0x00000000fca80000)
  to   space 27648K, 0% used [0x00000000fce80000,0x00000000fce80000,0x00000000fe980000)
 ParOldGen       total 117248K, used 46761K [0x0000000085000000, 0x000000008c280000, 0x00000000d7000000)
  object space 117248K, 39% used [0x0000000085000000,0x0000000087daa598,0x000000008c280000)
 Metaspace       used 181066K, capacity 185783K, committed 190228K, reserved 1230848K
  class space    used 9072K, capacity 9723K, committed 9856K, reserved 1048576K
}
Event: 770.052 GC heap before
{Heap before GC invocations=23 (full 6):
 PSYoungGen      total 588800K, used 320K [0x00000000d7000000, 0x00000000fe980000, 0x0000000100000000)
  eden space 588288K, 0% used [0x00000000d7000000,0x00000000d7000000,0x00000000fae80000)
  from space 512K, 62% used [0x00000000fca00000,0x00000000fca50000,0x00000000fca80000)
  to   space 27648K, 0% used [0x00000000fce80000,0x00000000fce80000,0x00000000fe980000)
 ParOldGen       total 117248K, used 46761K [0x0000000085000000, 0x000000008c280000, 0x00000000d7000000)
  object space 117248K, 39% used [0x0000000085000000,0x0000000087daa598,0x000000008c280000)
 Metaspace       used 181066K, capacity 185783K, committed 190228K, reserved 1230848K
  class space    used 9072K, capacity 9723K, committed 9856K, reserved 1048576K
Event: 770.265 GC heap after
Heap after GC invocations=23 (full 6):
 PSYoungGen      total 588800K, used 0K [0x00000000d7000000, 0x00000000fe980000, 0x0000000100000000)
  eden space 588288K, 0% used [0x00000000d7000000,0x00000000d7000000,0x00000000fae80000)
  from space 512K, 0% used [0x00000000fca00000,0x00000000fca00000,0x00000000fca80000)
  to   space 27648K, 0% used [0x00000000fce80000,0x00000000fce80000,0x00000000fe980000)
 ParOldGen       total 138240K, used 46930K [0x0000000085000000, 0x000000008d700000, 0x00000000d7000000)
  object space 138240K, 33% used [0x0000000085000000,0x0000000087dd4a58,0x000000008d700000)
 Metaspace       used 181066K, capacity 185783K, committed 190228K, reserved 1230848K
  class space    used 9072K, capacity 9723K, committed 9856K, reserved 1048576K
}

Deoptimization events (0 events):
No events

Classes redefined (3 events):
Event: 733.920 Thread 0x0000000017e68800 redefined class name=com.example.demo.report.service.ReportImpl, count=1
Event: 733.996 Thread 0x0000000017e68800 redefined class name=com.example.demo.report.service.ReportImpl, count=1
Event: 734.024 Thread 0x0000000017e68800 redefined class name=com.example.demo.report.service.ReportImpl$10, count=1

Internal exceptions (10 events):
Event: 731.746 Thread 0x000000001bbcc800 Exception <a 'java/lang/ArrayIndexOutOfBoundsException'> (0x00000000d894f978) thrown at [C:\re\workspace\8-2-build-windows-amd64-cygwin\jdk8u171\10807\hotspot\src\share\vm\runtime\sharedRuntime.cpp, line 605]
Event: 731.746 Thread 0x000000001bbcc800 Exception <a 'java/lang/ArrayIndexOutOfBoundsException'> (0x00000000d8951730) thrown at [C:\re\workspace\8-2-build-windows-amd64-cygwin\jdk8u171\10807\hotspot\src\share\vm\runtime\sharedRuntime.cpp, line 605]
Event: 731.763 Thread 0x000000001bbcc800 Exception <a 'java/security/PrivilegedActionException'> (0x00000000d8c64d28) thrown at [C:\re\workspace\8-2-build-windows-amd64-cygwin\jdk8u171\10807\hotspot\src\share\vm\prims\jvm.cpp, line 1435]
Event: 731.763 Thread 0x000000001bbcc800 Exception <a 'java/security/PrivilegedActionException'> (0x00000000d8c65120) thrown at [C:\re\workspace\8-2-build-windows-amd64-cygwin\jdk8u171\10807\hotspot\src\share\vm\prims\jvm.cpp, line 1435]
Event: 731.803 Thread 0x000000001bbcc800 Exception <a 'java/lang/ArrayIndexOutOfBoundsException'> (0x00000000d930dc48) thrown at [C:\re\workspace\8-2-build-windows-amd64-cygwin\jdk8u171\10807\hotspot\src\share\vm\runtime\sharedRuntime.cpp, line 605]
Event: 731.872 Thread 0x000000001bbcc800 Exception <a 'java/lang/ArrayIndexOutOfBoundsException'> (0x00000000d9b13428) thrown at [C:\re\workspace\8-2-build-windows-amd64-cygwin\jdk8u171\10807\hotspot\src\share\vm\runtime\sharedRuntime.cpp, line 605]
Event: 731.877 Thread 0x000000001bbcc800 Exception <a 'java/lang/ArrayIndexOutOfBoundsException'> (0x00000000d9c00048) thrown at [C:\re\workspace\8-2-build-windows-amd64-cygwin\jdk8u171\10807\hotspot\src\share\vm\runtime\sharedRuntime.cpp, line 605]
Event: 731.897 Thread 0x000000001bbcc800 Exception <a 'java/lang/ArrayIndexOutOfBoundsException'> (0x00000000d9d794c0) thrown at [C:\re\workspace\8-2-build-windows-amd64-cygwin\jdk8u171\10807\hotspot\src\share\vm\runtime\sharedRuntime.cpp, line 605]
Event: 731.897 Thread 0x000000001bbcc800 Exception <a 'java/lang/ArrayIndexOutOfBoundsException'> (0x00000000d9d7aae0) thrown at [C:\re\workspace\8-2-build-windows-amd64-cygwin\jdk8u171\10807\hotspot\src\share\vm\runtime\sharedRuntime.cpp, line 605]
Event: 731.901 Thread 0x000000001bbcc800 Exception <a 'java/lang/ArrayIndexOutOfBoundsException'> (0x00000000d9e2d2e0) thrown at [C:\re\workspace\8-2-build-windows-amd64-cygwin\jdk8u171\10807\hotspot\src\share\vm\runtime\sharedRuntime.cpp, line 605]

Events (10 events):
Event: 770.279 Thread 0x000000001bbcc000 DEOPT UNPACKING pc=0x0000000003137890 sp=0x0000000022d3e320 mode 1
Event: 770.279 Thread 0x000000001bbcc000 DEOPT PACKING pc=0x00000000032ead74 sp=0x0000000022d3e710
Event: 770.279 Thread 0x000000001bbcc000 DEOPT UNPACKING pc=0x0000000003137890 sp=0x0000000022d3e488 mode 1
Event: 770.279 Thread 0x000000001bbcc000 DEOPT PACKING pc=0x00000000032ea37c sp=0x0000000022d3e7c0
Event: 770.279 Thread 0x000000001bbcc000 DEOPT UNPACKING pc=0x0000000003137890 sp=0x0000000022d3e500 mode 1
Event: 770.279 Thread 0x000000001bbcc000 DEOPT PACKING pc=0x0000000003371a0c sp=0x0000000022d3f0f0
Event: 770.279 Thread 0x000000001bbcc000 DEOPT UNPACKING pc=0x0000000003137890 sp=0x0000000022d3ee68 mode 1
Event: 770.279 Thread 0x000000001bbcc000 DEOPT PACKING pc=0x0000000003dcba0c sp=0x0000000022d3f240
Event: 770.279 Thread 0x000000001bbcc000 DEOPT UNPACKING pc=0x0000000003137890 sp=0x0000000022d3efd8 mode 1
Event: 770.279 Executing VM operation: RevokeBias


Dynamic libraries:
0x00007ff69a2f0000 - 0x00007ff69a327000 	C:\Program Files\Java\jre1.8.0_171\bin\javaw.exe
0x00007ff94c810000 - 0x00007ff94ca05000 	C:\WINDOWS\SYSTEM32\ntdll.dll
0x00007ff94a860000 - 0x00007ff94a91e000 	C:\WINDOWS\System32\KERNEL32.DLL
0x00007ff94a590000 - 0x00007ff94a858000 	C:\WINDOWS\System32\KERNELBASE.dll
0x00007ff94b690000 - 0x00007ff94b73c000 	C:\WINDOWS\System32\ADVAPI32.dll
0x00007ff94b540000 - 0x00007ff94b5de000 	C:\WINDOWS\System32\msvcrt.dll
0x00007ff94b260000 - 0x00007ff94b2fb000 	C:\WINDOWS\System32\sechost.dll
0x00007ff94bdf0000 - 0x00007ff94bf1a000 	C:\WINDOWS\System32\RPCRT4.dll
0x00007ff94c620000 - 0x00007ff94c7c1000 	C:\WINDOWS\System32\USER32.dll
0x00007ff94a350000 - 0x00007ff94a372000 	C:\WINDOWS\System32\win32u.dll
0x00007ff94c050000 - 0x00007ff94c07b000 	C:\WINDOWS\System32\GDI32.dll
0x00007ff949f30000 - 0x00007ff94a03b000 	C:\WINDOWS\System32\gdi32full.dll
0x00007ff94a090000 - 0x00007ff94a12d000 	C:\WINDOWS\System32\msvcp_win.dll
0x00007ff94a430000 - 0x00007ff94a530000 	C:\WINDOWS\System32\ucrtbase.dll
0x00007ff934100000 - 0x00007ff93439a000 	C:\WINDOWS\WinSxS\amd64_microsoft.windows.common-controls_6595b64144ccf1df_6.0.19041.1110_none_60b5254171f9507e\COMCTL32.dll
0x00007ff94bcf0000 - 0x00007ff94bd20000 	C:\WINDOWS\System32\IMM32.DLL
0x0000000060790000 - 0x0000000060862000 	C:\Program Files\Java\jre1.8.0_171\bin\msvcr100.dll
0x0000000060a50000 - 0x00000000612f0000 	C:\Program Files\Java\jre1.8.0_171\bin\server\jvm.dll
0x00007ff94c500000 - 0x00007ff94c508000 	C:\WINDOWS\System32\PSAPI.DLL
0x00007ff9447a0000 - 0x00007ff9447aa000 	C:\WINDOWS\SYSTEM32\VERSION.dll
0x00007ff9385f0000 - 0x00007ff9385f9000 	C:\WINDOWS\SYSTEM32\WSOCK32.dll
0x00007ff939090000 - 0x00007ff9390b7000 	C:\WINDOWS\SYSTEM32\WINMM.dll
0x00007ff94b740000 - 0x00007ff94b7ab000 	C:\WINDOWS\System32\WS2_32.dll
0x0000000060960000 - 0x000000006096f000 	C:\Program Files\Java\jre1.8.0_171\bin\verify.dll
0x0000000060930000 - 0x0000000060959000 	C:\Program Files\Java\jre1.8.0_171\bin\java.dll
0x0000000060710000 - 0x0000000060745000 	C:\Program Files\Java\jre1.8.0_171\bin\jdwp.dll
0x0000000060770000 - 0x0000000060778000 	C:\Program Files\Java\jre1.8.0_171\bin\npt.dll
0x00000000608e0000 - 0x00000000608f6000 	C:\Program Files\Java\jre1.8.0_171\bin\zip.dll
0x00007ff94ab20000 - 0x00007ff94b25f000 	C:\WINDOWS\System32\SHELL32.dll
0x00007ff948050000 - 0x00007ff9487e0000 	C:\WINDOWS\SYSTEM32\windows.storage.dll
0x00007ff94b990000 - 0x00007ff94bce5000 	C:\WINDOWS\System32\combase.dll
0x00007ff949910000 - 0x00007ff94993e000 	C:\WINDOWS\SYSTEM32\Wldp.dll
0x00007ff94c570000 - 0x00007ff94c61d000 	C:\WINDOWS\System32\SHCORE.dll
0x00007ff94c510000 - 0x00007ff94c565000 	C:\WINDOWS\System32\shlwapi.dll
0x00007ff949e70000 - 0x00007ff949e8f000 	C:\WINDOWS\SYSTEM32\profapi.dll
0x0000000060700000 - 0x0000000060709000 	C:\Program Files\Java\jre1.8.0_171\bin\dt_socket.dll
0x00007ff939870000 - 0x00007ff939887000 	C:\WINDOWS\system32\napinsp.dll
0x00007ff939850000 - 0x00007ff93986b000 	C:\WINDOWS\system32\pnrpnsp.dll
0x00007ff939830000 - 0x00007ff939845000 	C:\WINDOWS\system32\wshbth.dll
0x00007ff9458e0000 - 0x00007ff9458fd000 	C:\WINDOWS\system32\NLAapi.dll
0x00007ff949300000 - 0x00007ff94933b000 	C:\WINDOWS\SYSTEM32\IPHLPAPI.DLL
0x00007ff949670000 - 0x00007ff9496da000 	C:\WINDOWS\System32\mswsock.dll
0x00007ff949350000 - 0x00007ff94941b000 	C:\WINDOWS\SYSTEM32\DNSAPI.dll
0x00007ff94b7b0000 - 0x00007ff94b7b8000 	C:\WINDOWS\System32\NSI.dll
0x00007ff9397b0000 - 0x00007ff9397c2000 	C:\WINDOWS\System32\winrnr.dll
0x00007ff939c50000 - 0x00007ff939ccf000 	C:\WINDOWS\System32\fwpuclnt.dll
0x00007ff94a320000 - 0x00007ff94a347000 	C:\WINDOWS\System32\bcrypt.dll
0x00007ff93a140000 - 0x00007ff93a14a000 	C:\Windows\System32\rasadhlp.dll
0x0000000060780000 - 0x000000006078d000 	C:\Program Files\Java\jre1.8.0_171\bin\management.dll
0x00000000608c0000 - 0x00000000608da000 	C:\Program Files\Java\jre1.8.0_171\bin\net.dll
0x00000000608a0000 - 0x00000000608b1000 	C:\Program Files\Java\jre1.8.0_171\bin\nio.dll
0x00007ff949870000 - 0x00007ff949888000 	C:\WINDOWS\SYSTEM32\CRYPTSP.dll
0x00007ff948f90000 - 0x00007ff948fc4000 	C:\WINDOWS\system32\rsaenh.dll
0x00007ff949e30000 - 0x00007ff949e5e000 	C:\WINDOWS\SYSTEM32\USERENV.dll
0x00007ff94a290000 - 0x00007ff94a313000 	C:\WINDOWS\System32\bcryptprimitives.dll
0x00007ff949860000 - 0x00007ff94986c000 	C:\WINDOWS\SYSTEM32\CRYPTBASE.dll
0x00007ff943a80000 - 0x00007ff943a97000 	C:\WINDOWS\SYSTEM32\dhcpcsvc6.DLL
0x00007ff943e40000 - 0x00007ff943e5d000 	C:\WINDOWS\SYSTEM32\dhcpcsvc.DLL
0x00007ff9390c0000 - 0x00007ff9392a4000 	C:\WINDOWS\SYSTEM32\dbghelp.dll

VM Arguments:
jvm_args: -agentlib:jdwp=transport=dt_socket,suspend=y,address=localhost:53197 -Dcom.sun.management.jmxremote -Dcom.sun.management.jmxremote.port=53194 -Dcom.sun.management.jmxremote.authenticate=false -Dcom.sun.management.jmxremote.ssl=false -Djava.rmi.server.hostname=localhost -Dspring.jmx.enabled=true -Dspring.application.admin.enabled=true -Xverify:none -XX:TieredStopAtLevel=1 -Dfile.encoding=UTF-8 
java_command: com.example.demo.LibraryApplication --spring.output.ansi.enabled=always
java_class_path (initial): D:\ProjectWorkSpace\MhrdReport\backEnd\BackEnd-master\target\classes;C:\Users\Admin\Downloads\com.mysql.jdbc_5.1.5.jar;C:\Users\Admin\.m2\repository\org\springframework\boot\spring-boot-starter-data-jpa\2.1.5.RELEASE\spring-boot-starter-data-jpa-2.1.5.RELEASE.jar;C:\Users\Admin\.m2\repository\org\springframework\boot\spring-boot-starter-aop\2.1.5.RELEASE\spring-boot-starter-aop-2.1.5.RELEASE.jar;C:\Users\Admin\.m2\repository\org\aspectj\aspectjweaver\1.9.4\aspectjweaver-1.9.4.jar;C:\Users\Admin\.m2\repository\org\springframework\boot\spring-boot-starter-jdbc\2.1.5.RELEASE\spring-boot-starter-jdbc-2.1.5.RELEASE.jar;C:\Users\Admin\.m2\repository\org\springframework\spring-jdbc\5.1.7.RELEASE\spring-jdbc-5.1.7.RELEASE.jar;C:\Users\Admin\.m2\repository\javax\transaction\javax.transaction-api\1.3\javax.transaction-api-1.3.jar;C:\Users\Admin\.m2\repository\javax\xml\bind\jaxb-api\2.3.1\jaxb-api-2.3.1.jar;C:\Users\Admin\.m2\repository\javax\activation\javax.activation-api\1.2.0\javax.activation-api-1.2.0.jar;C:\Users\Admin\.m2\repository\org\hibernate\hibernate-core\5.3.10.Final\hibernate-core-5.3.10.Final.jar;C:\Users\Admin\.m2\repository\org\jboss\logging\jboss-logging\3.3.2.Final\jboss-logging-3.3.2.Final.jar;C:\Users\Admin\.m2\repository\javax\persistence\javax.persistence-api\2.2\javax.persistence-api-2.2.jar;C:\Users\Admin\.m2\repository\org\javassist\javassist\3.23.2-GA\javassist-3.23.2-GA.jar;C:\Users\Admin\.m2\repository\net\bytebuddy\byte-buddy\1.9.12\byte-buddy-1.9.12.jar;C:\Users\Admin\.m2\repository\antlr\antlr\2.7.7\antlr-2.7.7.jar;C:\Users\Admin\.m2\repository\org\jboss\jandex\2.0.5.Final\jandex-2.0.5.Final.jar;C:\Users\Admin\.m2\repository\com\fasterxml\classmate\1.4.0\classmate-1.4.0.jar;C:\Users\Admin\.m2\repository\org\dom4j\dom4j\2.1.1\dom4j-2.1.1.jar;C:\Users\Admin\.m2\repository\org\hibernate\common\hibernate-commons-annotations\5.0.4.Final\hibernate-commons-annotations-5.0.4.Final.jar;C:\Users\Admin\.m2\repository\org\spri
Launcher Type: SUN_STANDARD

Environment Variables:
PATH=C:/Program Files/Java/jre1.8.0_171/bin/server;C:/Program Files/Java/jre1.8.0_171/bin;C:/Program Files/Java/jre1.8.0_171/lib/amd64;C:\Program Files\nodejs\;C:\Program Files (x86)\Common Files\Oracle\Java\javapath;C:\Program Files (x86)\Intel\Intel(R) Management Engine Components\iCLS\;C:\Program Files\Intel\Intel(R) Management Engine Components\iCLS\;C:\WINDOWS\system32;C:\WINDOWS;C:\WINDOWS\System32\Wbem;C:\WINDOWS\System32\WindowsPowerShell\v1.0\;C:\WINDOWS\System32\OpenSSH\;C:\Program Files (x86)\Intel\Intel(R) Management Engine Components\DAL;C:\Program Files\Intel\Intel(R) Management Engine Components\DAL;C:\Program Files (x86)\Intel\Intel(R) Management Engine Components\IPT;C:\Program Files\Intel\Intel(R) Management Engine Components\IPT;C:\Program Files\Git\cmd;C:\Users\Admin\AppData\Roaming\npm\node_modules\@angular\cli\bin;C:\Users\Admin\AppData\Roaming\npm;C:\Users\Admin\AppData\Local\Programs\Microsoft VS Code\bin;C:\Users\Admin\AppData\Local\Microsoft\WindowsApps;C:\Users\Admin\AppData\Local\GitHubDesktop\bin;D:\software\STS Tool\sts-4.3.2.RELEASE;
USERNAME=Admin
OS=Windows_NT
PROCESSOR_IDENTIFIER=Intel64 Family 6 Model 158 Stepping 9, GenuineIntel



---------------  S Y S T E M  ---------------

OS: Windows 10.0 , 64 bit Build 19041 (10.0.19041.1348)

CPU:total 8 (initial active 8) (4 cores per cpu, 2 threads per core) family 6 model 158 stepping 9, cmov, cx8, fxsr, mmx, sse, sse2, sse3, ssse3, sse4.1, sse4.2, popcnt, avx, avx2, aes, clmul, erms, rtm, 3dnowpref, lzcnt, ht, tsc, tscinvbit, bmi1, bmi2, adx

Memory: 4k page, physical 8059864k(397104k free), swap 19164364k(7879432k free)

vm_info: Java HotSpot(TM) 64-Bit Server VM (25.171-b11) for windows-amd64 JRE (1.8.0_171-b11), built on Mar 28 2018 16:06:12 by "java_re" with MS VC++ 10.0 (VS2010)

time: Wed Dec 15 10:20:35 2021
elapsed time: 771 seconds (0d 0h 12m 51s)

