#
# A fatal error has been detected by the Java Runtime Environment:
#
#  EXCEPTION_ACCESS_VIOLATION (0xc0000005) at pc=0x0000000060c172cd, pid=8540, tid=0x00000000000037f8
#
# JRE version: Java(TM) SE Runtime Environment (8.0_171-b11) (build 1.8.0_171-b11)
# Java VM: Java HotSpot(TM) 64-Bit Server VM (25.171-b11 mixed mode windows-amd64 compressed oops)
# Problematic frame:
# V  [jvm.dll+0x1c72cd]
#
# Failed to write core dump. Minidumps are not enabled by default on client versions of Windows
#
# If you would like to submit a bug report, please visit:
#   http://bugreport.java.com/bugreport/crash.jsp
#

---------------  T H R E A D  ---------------

Current thread (0x0000000019552800):  JavaThread "JDWP Transport Listener: dt_socket" daemon [_thread_in_vm, id=14328, stack(0x000000001a050000,0x000000001a150000)]

siginfo: ExceptionCode=0xc0000005, reading address 0x0000000000000008

Registers:
RAX=0x000000001a14f0f0, RBX=0x0000000019552800, RCX=0x000000001955bf78, RDX=0x0000000000000006
RSP=0x000000001a14ef50, RBP=0x000000001a14f0e0, RSI=0x0000000000000002, RDI=0x0000000000000000
R8 =0x0000000000000006, R9 =0x000000001955a480, R10=0x0000000000000000, R11=0x0000000000000000
R12=0x0000000000009fa3, R13=0x0000000060a50000, R14=0x0000000000009fa3, R15=0x000000000000ffff
RIP=0x0000000060c172cd, EFLAGS=0x0000000000010202

Top of Stack: (sp=0x000000001a14ef50)
0x000000001a14ef50:   00000000000003fd 0000000019552800
0x000000001a14ef60:   0000000019552800 0000000000000000
0x000000001a14ef70:   000000001a14efa0 0000000019552800
0x000000001a14ef80:   000000001a14f0e0 0000000039e4a458
0x000000001a14ef90:   00000000000003fd 0000ffff00009fa3
0x000000001a14efa0:   0000000000fd0313 0000000019552800
0x000000001a14efb0:   0000000019552800 0000000000000012
0x000000001a14efc0:   0000000000000000 0000000000000000
0x000000001a14efd0:   000000001a14f6e0 0000000000009fa3
0x000000001a14efe0:   000000001a14f0f0 0000000000000000
0x000000001a14eff0:   0000000000000000 0000000022a51bf0
0x000000001a14f000:   0000000019552800 000000000000044f
0x000000001a14f010:   00000000391384c0 0000ffff0000ffff
0x000000001a14f020:   0000000000000000 0000000000000000
0x000000001a14f030:   0000000022a51bf0 0000000019552800
0x000000001a14f040:   000000001f6a7768 00000000391484e0 

Instructions: (pc=0x0000000060c172cd)
0x0000000060c172ad:   8b cd e8 cc e6 e6 ff 48 8b 8c 24 90 00 00 00 48
0x0000000060c172bd:   8b d0 e8 bc e6 e6 ff 4c 8b 5d 00 4c 8b 54 24 70
0x0000000060c172cd:   49 8b 43 08 44 0f b7 78 20 48 8d 58 30 41 0f b6
0x0000000060c172dd:   44 04 30 48 89 5c 24 38 44 89 7c 24 4c 42 0f b6 


Register to memory mapping:

RAX=0x000000001a14f0f0 is pointing into the stack for thread: 0x0000000019552800
RBX=0x0000000019552800 is a thread
RCX=0x000000001955bf78 is an unknown value
RDX=0x0000000000000006 is an unknown value
RSP=0x000000001a14ef50 is pointing into the stack for thread: 0x0000000019552800
RBP=0x000000001a14f0e0 is pointing into the stack for thread: 0x0000000019552800
RSI=0x0000000000000002 is an unknown value
RDI=0x0000000000000000 is an unknown value
R8 =0x0000000000000006 is an unknown value
R9 =0x000000001955a480 is an unknown value
R10=0x0000000000000000 is an unknown value
R11=0x0000000000000000 is an unknown value
R12=0x0000000000009fa3 is an unknown value
R13=0x0000000060a50000 is an unknown value
R14=0x0000000000009fa3 is an unknown value
R15=0x000000000000ffff is an unknown value


Stack: [0x000000001a050000,0x000000001a150000],  sp=0x000000001a14ef50,  free space=1019k
Native frames: (J=compiled Java code, j=interpreted, Vv=VM code, C=native code)
V  [jvm.dll+0x1c72cd]
V  [jvm.dll+0x1ca7a8]
V  [jvm.dll+0x1cc34a]
V  [jvm.dll+0x1cce95]
V  [jvm.dll+0x1cd92b]
V  [jvm.dll+0x1ce252]
V  [jvm.dll+0x24b690]
V  [jvm.dll+0x1a4b51]
V  [jvm.dll+0x34bc14]
C  [jdwp.dll+0x9e6b]
C  [jdwp.dll+0xf15d]
C  [jdwp.dll+0x1f5c9]
C  [jdwp.dll+0x1f79e]
V  [jvm.dll+0x1be07a]
V  [jvm.dll+0x245adf]
V  [jvm.dll+0x29d40a]
C  [msvcr100.dll+0x21d9f]
C  [msvcr100.dll+0x21e3b]
C  [KERNEL32.DLL+0x17034]
C  [ntdll.dll+0x52651]


---------------  P R O C E S S  ---------------

Java Threads: ( => current thread )
  0x000000001bc76800 JavaThread "http-nio-8182-Acceptor-0" daemon [_thread_in_native, id=6320, stack(0x0000000024000000,0x0000000024100000)]
  0x000000001bc78000 JavaThread "http-nio-8182-ClientPoller-1" daemon [_thread_in_native, id=3516, stack(0x0000000023f00000,0x0000000024000000)]
  0x000000001bc75000 JavaThread "http-nio-8182-ClientPoller-0" daemon [_thread_in_native, id=3672, stack(0x0000000023e00000,0x0000000023f00000)]
  0x000000001bc6d000 JavaThread "http-nio-8182-exec-10" daemon [_thread_blocked, id=11604, stack(0x0000000023d00000,0x0000000023e00000)]
  0x000000001bc74000 JavaThread "http-nio-8182-exec-9" daemon [_thread_blocked, id=6580, stack(0x0000000023c00000,0x0000000023d00000)]
  0x000000001bc73800 JavaThread "http-nio-8182-exec-8" daemon [_thread_blocked, id=9268, stack(0x0000000023b00000,0x0000000023c00000)]
  0x000000001bc72800 JavaThread "http-nio-8182-exec-7" daemon [_thread_blocked, id=14904, stack(0x0000000023a00000,0x0000000023b00000)]
  0x000000001bc6b000 JavaThread "http-nio-8182-exec-6" daemon [_thread_blocked, id=12844, stack(0x0000000023900000,0x0000000023a00000)]
  0x000000001bc6a000 JavaThread "http-nio-8182-exec-5" daemon [_thread_blocked, id=1088, stack(0x0000000023600000,0x0000000023700000)]
  0x000000001bc71000 JavaThread "http-nio-8182-exec-4" daemon [_thread_blocked, id=11384, stack(0x0000000023000000,0x0000000023100000)]
  0x000000001bc6c800 JavaThread "http-nio-8182-exec-3" daemon [_thread_blocked, id=10280, stack(0x0000000022f00000,0x0000000023000000)]
  0x000000001bc70000 JavaThread "http-nio-8182-exec-2" daemon [_thread_blocked, id=6136, stack(0x0000000022e00000,0x0000000022f00000)]
  0x000000001bc68800 JavaThread "http-nio-8182-exec-1" daemon [_thread_blocked, id=16780, stack(0x0000000022d00000,0x0000000022e00000)]
  0x000000001bc6f800 JavaThread "NioBlockingSelector.BlockPoller-6" daemon [_thread_in_native, id=560, stack(0x0000000022c00000,0x0000000022d00000)]
  0x000000001bc69800 JavaThread "File Watcher" daemon [_thread_blocked, id=18320, stack(0x0000000022b00000,0x0000000022c00000)]
  0x000000001bc6b800 JavaThread "container-0" [_thread_blocked, id=17840, stack(0x0000000022600000,0x0000000022700000)]
  0x000000001bc6e000 JavaThread "Catalina-utility-2" [_thread_blocked, id=8868, stack(0x0000000021a00000,0x0000000021b00000)]
  0x000000001bc6e800 JavaThread "Catalina-utility-1" [_thread_blocked, id=7948, stack(0x0000000021700000,0x0000000021800000)]
  0x000000001b41e800 JavaThread "HikariPool-6 housekeeper" daemon [_thread_blocked, id=13688, stack(0x000000001d160000,0x000000001d260000)]
  0x000000001b420000 JavaThread "PostgreSQL-JDBC-SharedTimer-6" daemon [_thread_blocked, id=10224, stack(0x000000001cf60000,0x000000001d060000)]
  0x000000001a906800 JavaThread "RMI TCP Connection(idle)" daemon [_thread_blocked, id=12348, stack(0x0000000023500000,0x0000000023600000)]
  0x000000001bc71800 JavaThread "DestroyJavaVM" [_thread_blocked, id=6048, stack(0x0000000002630000,0x0000000002730000)]
  0x000000001a908000 JavaThread "Live Reload Server" daemon [_thread_in_native, id=18240, stack(0x0000000021b00000,0x0000000021c00000)]
  0x000000001b755800 JavaThread "JMX server connection timeout 25" daemon [_thread_blocked, id=13924, stack(0x000000001d260000,0x000000001d360000)]
  0x000000001b735000 JavaThread "RMI Scheduler(0)" daemon [_thread_blocked, id=17716, stack(0x000000001d060000,0x000000001d160000)]
  0x000000001b213800 JavaThread "RMI TCP Accept-0" daemon [_thread_in_native, id=15372, stack(0x000000001c220000,0x000000001c320000)]
  0x000000001b205800 JavaThread "RMI TCP Accept-61140" daemon [_thread_in_native, id=1044, stack(0x000000001c120000,0x000000001c220000)]
  0x000000001b1f7800 JavaThread "RMI TCP Accept-0" daemon [_thread_in_native, id=13580, stack(0x000000001c020000,0x000000001c120000)]
  0x000000001960f000 JavaThread "Service Thread" daemon [_thread_blocked, id=10888, stack(0x000000001a750000,0x000000001a850000)]
  0x000000001957f000 JavaThread "C1 CompilerThread3" daemon [_thread_blocked, id=7104, stack(0x000000001a650000,0x000000001a750000)]
  0x000000001957d000 JavaThread "C2 CompilerThread2" daemon [_thread_blocked, id=14140, stack(0x000000001a550000,0x000000001a650000)]
  0x000000001957c800 JavaThread "C2 CompilerThread1" daemon [_thread_blocked, id=17220, stack(0x000000001a450000,0x000000001a550000)]
  0x0000000019571000 JavaThread "C2 CompilerThread0" daemon [_thread_blocked, id=19228, stack(0x000000001a350000,0x000000001a450000)]
  0x0000000019561800 JavaThread "JDWP Command Reader" daemon [_thread_in_native, id=16024, stack(0x000000001a250000,0x000000001a350000)]
  0x000000001955e800 JavaThread "JDWP Event Helper Thread" daemon [_thread_blocked, id=12060, stack(0x000000001a150000,0x000000001a250000)]
=>0x0000000019552800 JavaThread "JDWP Transport Listener: dt_socket" daemon [_thread_in_vm, id=14328, stack(0x000000001a050000,0x000000001a150000)]
  0x0000000019546000 JavaThread "Attach Listener" daemon [_thread_blocked, id=3288, stack(0x0000000019c10000,0x0000000019d10000)]
  0x0000000019545000 JavaThread "Signal Dispatcher" daemon [_thread_blocked, id=17016, stack(0x0000000019b10000,0x0000000019c10000)]
  0x0000000017649000 JavaThread "Finalizer" daemon [_thread_blocked, id=18876, stack(0x0000000019910000,0x0000000019a10000)]
  0x0000000017642000 JavaThread "Reference Handler" daemon [_thread_blocked, id=10452, stack(0x0000000019410000,0x0000000019510000)]

Other Threads:
  0x000000001763a000 VMThread [stack: 0x0000000019310000,0x0000000019410000] [id=18004]
  0x000000001b219800 WatcherThread [stack: 0x000000001c320000,0x000000001c420000] [id=10436]

VM state:synchronizing (normal execution)

VM Mutex/Monitor currently owned by a thread:  ([mutex/lock_event])
[0x00000000027c92e0] Threads_lock - owner thread: 0x000000001763a000

Heap:
 PSYoungGen      total 611328K, used 3824K [0x00000000d7000000, 0x0000000100000000, 0x0000000100000000)
  eden space 593408K, 0% used [0x00000000d7000000,0x00000000d73bc0a8,0x00000000fb380000)
  from space 17920K, 0% used [0x00000000fd300000,0x00000000fd300000,0x00000000fe480000)
  to   space 32256K, 0% used [0x00000000fb380000,0x00000000fb380000,0x00000000fd300000)
 ParOldGen       total 202752K, used 54326K [0x0000000085000000, 0x0000000091600000, 0x00000000d7000000)
  object space 202752K, 26% used [0x0000000085000000,0x000000008850d8c0,0x0000000091600000)
 Metaspace       used 236885K, capacity 242097K, committed 247808K, reserved 1286144K
  class space    used 9730K, capacity 10433K, committed 10496K, reserved 1048576K

Card table byte_map: [0x0000000011c80000,0x0000000012060000] byte_map_base: 0x0000000011858000

Marking Bits: (ParMarkBitMap*) 0x00000000612708c0
 Begin Bits: [0x0000000012af0000, 0x00000000149b0000)
 End Bits:   [0x00000000149b0000, 0x0000000016870000)

Polling page: 0x0000000002730000

CodeCache: size=245760Kb used=21246Kb max_used=21246Kb free=224513Kb
 bounds [0x00000000028c0000, 0x0000000003d90000, 0x00000000118c0000]
 total_blobs=11225 nmethods=10670 adapters=472
 compilation: enabled

Compilation events (10 events):
Event: 661.185 Thread 0x000000001957f000 10855       1       java.net.InetAddress$InetAddressHolder::<init> (5 bytes)
Event: 661.186 Thread 0x000000001957f000 nmethod 10855 0x0000000003d82010 code [0x0000000003d82160, 0x0000000003d82270]
Event: 661.186 Thread 0x000000001957f000 10856   !   1       sun.rmi.transport.StreamRemoteCall::releaseInputStream (62 bytes)
Event: 661.186 Thread 0x000000001957f000 nmethod 10856 0x0000000003d822d0 code [0x0000000003d82460, 0x0000000003d826e8]
Event: 672.700 Thread 0x000000001957f000 10857   !   1       java.io.ObjectInputStream::readTypeString (134 bytes)
Event: 672.702 Thread 0x000000001957f000 nmethod 10857 0x0000000003d82990 code [0x0000000003d82c00, 0x0000000003d835c8]
Event: 691.851 Thread 0x000000001957f000 10858       1       org.apache.catalina.core.StandardWrapper::getServlet (5 bytes)
Event: 691.851 Thread 0x000000001957f000 nmethod 10858 0x0000000003d84490 code [0x0000000003d845e0, 0x0000000003d846f0]
Event: 704.756 Thread 0x000000001957f000 10859       1       org.springframework.boot.devtools.filewatch.ChangedFile::hashCode (19 bytes)
Event: 704.757 Thread 0x000000001957f000 nmethod 10859 0x0000000003d84750 code [0x0000000003d848c0, 0x0000000003d84a88]

GC Heap History (10 events):
Event: 372.371 GC heap before
{Heap before GC invocations=32 (full 8):
 PSYoungGen      total 641536K, used 611328K [0x00000000d7000000, 0x0000000100000000, 0x0000000100000000)
  eden space 611328K, 100% used [0x00000000d7000000,0x00000000fc500000,0x00000000fc500000)
  from space 30208K, 0% used [0x00000000fc500000,0x00000000fc500000,0x00000000fe280000)
  to   space 29184K, 0% used [0x00000000fe380000,0x00000000fe380000,0x0000000100000000)
 ParOldGen       total 128000K, used 44801K [0x0000000085000000, 0x000000008cd00000, 0x00000000d7000000)
  object space 128000K, 35% used [0x0000000085000000,0x0000000087bc04c8,0x000000008cd00000)
 Metaspace       used 76776K, capacity 80959K, committed 81152K, reserved 1120256K
  class space    used 9721K, capacity 10419K, committed 10496K, reserved 1048576K
Event: 372.386 GC heap after
Heap after GC invocations=32 (full 8):
 PSYoungGen      total 637440K, used 25151K [0x00000000d7000000, 0x0000000100000000, 0x0000000100000000)
  eden space 608256K, 0% used [0x00000000d7000000,0x00000000d7000000,0x00000000fc200000)
  from space 29184K, 86% used [0x00000000fe380000,0x00000000ffc0fd20,0x0000000100000000)
  to   space 31744K, 0% used [0x00000000fc200000,0x00000000fc200000,0x00000000fe100000)
 ParOldGen       total 128000K, used 44809K [0x0000000085000000, 0x000000008cd00000, 0x00000000d7000000)
  object space 128000K, 35% used [0x0000000085000000,0x0000000087bc24c8,0x000000008cd00000)
 Metaspace       used 76776K, capacity 80959K, committed 81152K, reserved 1120256K
  class space    used 9721K, capacity 10419K, committed 10496K, reserved 1048576K
}
Event: 704.183 GC heap before
{Heap before GC invocations=33 (full 8):
 PSYoungGen      total 637440K, used 274447K [0x00000000d7000000, 0x0000000100000000, 0x0000000100000000)
  eden space 608256K, 40% used [0x00000000d7000000,0x00000000e6374210,0x00000000fc200000)
  from space 29184K, 86% used [0x00000000fe380000,0x00000000ffc0fd20,0x0000000100000000)
  to   space 31744K, 0% used [0x00000000fc200000,0x00000000fc200000,0x00000000fe100000)
 ParOldGen       total 128000K, used 44809K [0x0000000085000000, 0x000000008cd00000, 0x00000000d7000000)
  object space 128000K, 35% used [0x0000000085000000,0x0000000087bc24c8,0x000000008cd00000)
 Metaspace       used 123981K, capacity 128601K, committed 130560K, reserved 1169408K
  class space    used 9733K, capacity 10437K, committed 10496K, reserved 1048576K
Event: 704.193 GC heap after
Heap after GC invocations=33 (full 8):
 PSYoungGen      total 598528K, used 16905K [0x00000000d7000000, 0x00000000fe480000, 0x0000000100000000)
  eden space 581120K, 0% used [0x00000000d7000000,0x00000000d7000000,0x00000000fa780000)
  from space 17408K, 97% used [0x00000000fc200000,0x00000000fd282768,0x00000000fd300000)
  to   space 17920K, 0% used [0x00000000fd300000,0x00000000fd300000,0x00000000fe480000)
 ParOldGen       total 128000K, used 44817K [0x0000000085000000, 0x000000008cd00000, 0x00000000d7000000)
  object space 128000K, 35% used [0x0000000085000000,0x0000000087bc44c8,0x000000008cd00000)
 Metaspace       used 123981K, capacity 128601K, committed 130560K, reserved 1169408K
  class space    used 9733K, capacity 10437K, committed 10496K, reserved 1048576K
}
Event: 704.193 GC heap before
{Heap before GC invocations=34 (full 9):
 PSYoungGen      total 598528K, used 16905K [0x00000000d7000000, 0x00000000fe480000, 0x0000000100000000)
  eden space 581120K, 0% used [0x00000000d7000000,0x00000000d7000000,0x00000000fa780000)
  from space 17408K, 97% used [0x00000000fc200000,0x00000000fd282768,0x00000000fd300000)
  to   space 17920K, 0% used [0x00000000fd300000,0x00000000fd300000,0x00000000fe480000)
 ParOldGen       total 128000K, used 44817K [0x0000000085000000, 0x000000008cd00000, 0x00000000d7000000)
  object space 128000K, 35% used [0x0000000085000000,0x0000000087bc44c8,0x000000008cd00000)
 Metaspace       used 123981K, capacity 128601K, committed 130560K, reserved 1169408K
  class space    used 9733K, capacity 10437K, committed 10496K, reserved 1048576K
Event: 704.287 GC heap after
Heap after GC invocations=34 (full 9):
 PSYoungGen      total 598528K, used 0K [0x00000000d7000000, 0x00000000fe480000, 0x0000000100000000)
  eden space 581120K, 0% used [0x00000000d7000000,0x00000000d7000000,0x00000000fa780000)
  from space 17408K, 0% used [0x00000000fc200000,0x00000000fc200000,0x00000000fd300000)
  to   space 17920K, 0% used [0x00000000fd300000,0x00000000fd300000,0x00000000fe480000)
 ParOldGen       total 163840K, used 54290K [0x0000000085000000, 0x000000008f000000, 0x00000000d7000000)
  object space 163840K, 33% used [0x0000000085000000,0x0000000088504858,0x000000008f000000)
 Metaspace       used 123945K, capacity 128507K, committed 130560K, reserved 1169408K
  class space    used 9730K, capacity 10433K, committed 10496K, reserved 1048576K
}
Event: 704.549 GC heap before
{Heap before GC invocations=35 (full 9):
 PSYoungGen      total 598528K, used 6202K [0x00000000d7000000, 0x00000000fe480000, 0x0000000100000000)
  eden space 581120K, 1% used [0x00000000d7000000,0x00000000d760eb48,0x00000000fa780000)
  from space 17408K, 0% used [0x00000000fc200000,0x00000000fc200000,0x00000000fd300000)
  to   space 17920K, 0% used [0x00000000fd300000,0x00000000fd300000,0x00000000fe480000)
 ParOldGen       total 163840K, used 54290K [0x0000000085000000, 0x000000008f000000, 0x00000000d7000000)
  object space 163840K, 33% used [0x0000000085000000,0x0000000088504858,0x000000008f000000)
 Metaspace       used 207674K, capacity 212798K, committed 217600K, reserved 1257472K
  class space    used 9730K, capacity 10433K, committed 10496K, reserved 1048576K
Event: 704.553 GC heap after
Heap after GC invocations=35 (full 9):
 PSYoungGen      total 611328K, used 160K [0x00000000d7000000, 0x0000000100000000, 0x0000000100000000)
  eden space 593408K, 0% used [0x00000000d7000000,0x00000000d7000000,0x00000000fb380000)
  from space 17920K, 0% used [0x00000000fd300000,0x00000000fd328000,0x00000000fe480000)
  to   space 32256K, 0% used [0x00000000fb380000,0x00000000fb380000,0x00000000fd300000)
 ParOldGen       total 163840K, used 54290K [0x0000000085000000, 0x000000008f000000, 0x00000000d7000000)
  object space 163840K, 33% used [0x0000000085000000,0x0000000088504858,0x000000008f000000)
 Metaspace       used 207674K, capacity 212798K, committed 217600K, reserved 1257472K
  class space    used 9730K, capacity 10433K, committed 10496K, reserved 1048576K
}
Event: 704.553 GC heap before
{Heap before GC invocations=36 (full 10):
 PSYoungGen      total 611328K, used 160K [0x00000000d7000000, 0x0000000100000000, 0x0000000100000000)
  eden space 593408K, 0% used [0x00000000d7000000,0x00000000d7000000,0x00000000fb380000)
  from space 17920K, 0% used [0x00000000fd300000,0x00000000fd328000,0x00000000fe480000)
  to   space 32256K, 0% used [0x00000000fb380000,0x00000000fb380000,0x00000000fd300000)
 ParOldGen       total 163840K, used 54290K [0x0000000085000000, 0x000000008f000000, 0x00000000d7000000)
  object space 163840K, 33% used [0x0000000085000000,0x0000000088504858,0x000000008f000000)
 Metaspace       used 207674K, capacity 212798K, committed 217600K, reserved 1257472K
  class space    used 9730K, capacity 10433K, committed 10496K, reserved 1048576K
Event: 704.755 GC heap after
Heap after GC invocations=36 (full 10):
 PSYoungGen      total 611328K, used 0K [0x00000000d7000000, 0x0000000100000000, 0x0000000100000000)
  eden space 593408K, 0% used [0x00000000d7000000,0x00000000d7000000,0x00000000fb380000)
  from space 17920K, 0% used [0x00000000fd300000,0x00000000fd300000,0x00000000fe480000)
  to   space 32256K, 0% used [0x00000000fb380000,0x00000000fb380000,0x00000000fd300000)
 ParOldGen       total 202752K, used 54326K [0x0000000085000000, 0x0000000091600000, 0x00000000d7000000)
  object space 202752K, 26% used [0x0000000085000000,0x000000008850d8c0,0x0000000091600000)
 Metaspace       used 207674K, capacity 212798K, committed 217600K, reserved 1257472K
  class space    used 9730K, capacity 10433K, committed 10496K, reserved 1048576K
}

Deoptimization events (0 events):
No events

Classes redefined (8 events):
Event: 219.059 Thread 0x000000001763a000 redefined class name=com.example.demo.report.service.ReportImpl, count=1
Event: 219.078 Thread 0x000000001763a000 redefined class name=com.example.demo.report.service.ReportImpl$10, count=1
Event: 237.220 Thread 0x000000001763a000 redefined class name=com.example.demo.report.service.ReportImpl, count=2
Event: 237.260 Thread 0x000000001763a000 redefined class name=com.example.demo.report.service.ReportImpl, count=1
Event: 237.292 Thread 0x000000001763a000 redefined class name=com.example.demo.report.service.ReportImpl$10, count=2
Event: 298.863 Thread 0x000000001763a000 redefined class name=com.example.demo.report.service.ReportImpl, count=3
Event: 298.889 Thread 0x000000001763a000 redefined class name=com.example.demo.report.service.ReportImpl, count=2
Event: 298.916 Thread 0x000000001763a000 redefined class name=com.example.demo.report.service.ReportImpl, count=1

Internal exceptions (10 events):
Event: 372.514 Thread 0x000000001b421000 Exception <a 'java/lang/ArrayIndexOutOfBoundsException'> (0x00000000d8cdbdf8) thrown at [C:\re\workspace\8-2-build-windows-amd64-cygwin\jdk8u171\10807\hotspot\src\share\vm\runtime\sharedRuntime.cpp, line 605]
Event: 372.514 Thread 0x000000001b421000 Exception <a 'java/lang/ArrayIndexOutOfBoundsException'> (0x00000000d8cddbb0) thrown at [C:\re\workspace\8-2-build-windows-amd64-cygwin\jdk8u171\10807\hotspot\src\share\vm\runtime\sharedRuntime.cpp, line 605]
Event: 372.514 Thread 0x000000001b421000 Exception <a 'java/lang/ArrayIndexOutOfBoundsException'> (0x00000000d8cdf968) thrown at [C:\re\workspace\8-2-build-windows-amd64-cygwin\jdk8u171\10807\hotspot\src\share\vm\runtime\sharedRuntime.cpp, line 605]
Event: 372.530 Thread 0x000000001b421000 Exception <a 'java/security/PrivilegedActionException'> (0x00000000d8ff31e0) thrown at [C:\re\workspace\8-2-build-windows-amd64-cygwin\jdk8u171\10807\hotspot\src\share\vm\prims\jvm.cpp, line 1435]
Event: 372.530 Thread 0x000000001b421000 Exception <a 'java/security/PrivilegedActionException'> (0x00000000d8ff35d8) thrown at [C:\re\workspace\8-2-build-windows-amd64-cygwin\jdk8u171\10807\hotspot\src\share\vm\prims\jvm.cpp, line 1435]
Event: 372.578 Thread 0x000000001b421000 Exception <a 'java/lang/ArrayIndexOutOfBoundsException'> (0x00000000d96c0238) thrown at [C:\re\workspace\8-2-build-windows-amd64-cygwin\jdk8u171\10807\hotspot\src\share\vm\runtime\sharedRuntime.cpp, line 605]
Event: 372.628 Thread 0x000000001b421000 Exception <a 'java/lang/ArrayIndexOutOfBoundsException'> (0x00000000d9e1ae28) thrown at [C:\re\workspace\8-2-build-windows-amd64-cygwin\jdk8u171\10807\hotspot\src\share\vm\runtime\sharedRuntime.cpp, line 605]
Event: 372.632 Thread 0x000000001b421000 Exception <a 'java/lang/ArrayIndexOutOfBoundsException'> (0x00000000d9f07930) thrown at [C:\re\workspace\8-2-build-windows-amd64-cygwin\jdk8u171\10807\hotspot\src\share\vm\runtime\sharedRuntime.cpp, line 605]
Event: 372.657 Thread 0x000000001b421000 Exception <a 'java/lang/ArrayIndexOutOfBoundsException'> (0x00000000da0806f0) thrown at [C:\re\workspace\8-2-build-windows-amd64-cygwin\jdk8u171\10807\hotspot\src\share\vm\runtime\sharedRuntime.cpp, line 605]
Event: 372.664 Thread 0x000000001b421000 Exception <a 'java/lang/ArrayIndexOutOfBoundsException'> (0x00000000da156808) thrown at [C:\re\workspace\8-2-build-windows-amd64-cygwin\jdk8u171\10807\hotspot\src\share\vm\runtime\sharedRuntime.cpp, line 605]

Events (10 events):
Event: 704.770 Thread 0x000000001bc69800 DEOPT UNPACKING pc=0x0000000002907890 sp=0x0000000022bfe3f0 mode 1
Event: 704.770 Thread 0x000000001bc69800 DEOPT PACKING pc=0x0000000002aba9b4 sp=0x0000000022bfe7e0
Event: 704.770 Thread 0x000000001bc69800 DEOPT UNPACKING pc=0x0000000002907890 sp=0x0000000022bfe558 mode 1
Event: 704.770 Thread 0x000000001bc69800 DEOPT PACKING pc=0x0000000002ab9fbc sp=0x0000000022bfe890
Event: 704.770 Thread 0x000000001bc69800 DEOPT UNPACKING pc=0x0000000002907890 sp=0x0000000022bfe5d0 mode 1
Event: 704.770 Thread 0x000000001bc69800 DEOPT PACKING pc=0x0000000002b2318c sp=0x0000000022bff1c0
Event: 704.770 Thread 0x000000001bc69800 DEOPT UNPACKING pc=0x0000000002907890 sp=0x0000000022bfef38 mode 1
Event: 704.770 Thread 0x000000001bc69800 DEOPT PACKING pc=0x000000000357accc sp=0x0000000022bff310
Event: 704.770 Thread 0x000000001bc69800 DEOPT UNPACKING pc=0x0000000002907890 sp=0x0000000022bff0a8 mode 1
Event: 704.770 Executing VM operation: RevokeBias


Dynamic libraries:
0x00007ff683e50000 - 0x00007ff683e87000 	C:\Program Files\Java\jre1.8.0_171\bin\javaw.exe
0x00007ff94c810000 - 0x00007ff94ca05000 	C:\WINDOWS\SYSTEM32\ntdll.dll
0x00007ff94a860000 - 0x00007ff94a91e000 	C:\WINDOWS\System32\KERNEL32.DLL
0x00007ff94a590000 - 0x00007ff94a858000 	C:\WINDOWS\System32\KERNELBASE.dll
0x00007ff94b690000 - 0x00007ff94b73c000 	C:\WINDOWS\System32\ADVAPI32.dll
0x00007ff94b540000 - 0x00007ff94b5de000 	C:\WINDOWS\System32\msvcrt.dll
0x00007ff94b260000 - 0x00007ff94b2fb000 	C:\WINDOWS\System32\sechost.dll
0x00007ff94bdf0000 - 0x00007ff94bf1a000 	C:\WINDOWS\System32\RPCRT4.dll
0x00007ff94c620000 - 0x00007ff94c7c1000 	C:\WINDOWS\System32\USER32.dll
0x00007ff94a350000 - 0x00007ff94a372000 	C:\WINDOWS\System32\win32u.dll
0x00007ff94c050000 - 0x00007ff94c07b000 	C:\WINDOWS\System32\GDI32.dll
0x00007ff949f30000 - 0x00007ff94a03b000 	C:\WINDOWS\System32\gdi32full.dll
0x00007ff94a090000 - 0x00007ff94a12d000 	C:\WINDOWS\System32\msvcp_win.dll
0x00007ff94a430000 - 0x00007ff94a530000 	C:\WINDOWS\System32\ucrtbase.dll
0x00007ff934100000 - 0x00007ff93439a000 	C:\WINDOWS\WinSxS\amd64_microsoft.windows.common-controls_6595b64144ccf1df_6.0.19041.1110_none_60b5254171f9507e\COMCTL32.dll
0x00007ff94bcf0000 - 0x00007ff94bd20000 	C:\WINDOWS\System32\IMM32.DLL
0x0000000060790000 - 0x0000000060862000 	C:\Program Files\Java\jre1.8.0_171\bin\msvcr100.dll
0x0000000060a50000 - 0x00000000612f0000 	C:\Program Files\Java\jre1.8.0_171\bin\server\jvm.dll
0x00007ff94c500000 - 0x00007ff94c508000 	C:\WINDOWS\System32\PSAPI.DLL
0x00007ff9385f0000 - 0x00007ff9385f9000 	C:\WINDOWS\SYSTEM32\WSOCK32.dll
0x00007ff939090000 - 0x00007ff9390b7000 	C:\WINDOWS\SYSTEM32\WINMM.dll
0x00007ff94b740000 - 0x00007ff94b7ab000 	C:\WINDOWS\System32\WS2_32.dll
0x00007ff9447a0000 - 0x00007ff9447aa000 	C:\WINDOWS\SYSTEM32\VERSION.dll
0x0000000060960000 - 0x000000006096f000 	C:\Program Files\Java\jre1.8.0_171\bin\verify.dll
0x0000000060930000 - 0x0000000060959000 	C:\Program Files\Java\jre1.8.0_171\bin\java.dll
0x00000000606f0000 - 0x0000000060725000 	C:\Program Files\Java\jre1.8.0_171\bin\jdwp.dll
0x0000000060760000 - 0x0000000060768000 	C:\Program Files\Java\jre1.8.0_171\bin\npt.dll
0x00000000608e0000 - 0x00000000608f6000 	C:\Program Files\Java\jre1.8.0_171\bin\zip.dll
0x00007ff94ab20000 - 0x00007ff94b25f000 	C:\WINDOWS\System32\SHELL32.dll
0x00007ff948050000 - 0x00007ff9487e0000 	C:\WINDOWS\SYSTEM32\windows.storage.dll
0x00007ff94b990000 - 0x00007ff94bce5000 	C:\WINDOWS\System32\combase.dll
0x00007ff949910000 - 0x00007ff94993e000 	C:\WINDOWS\SYSTEM32\Wldp.dll
0x00007ff94c570000 - 0x00007ff94c61d000 	C:\WINDOWS\System32\SHCORE.dll
0x00007ff94c510000 - 0x00007ff94c565000 	C:\WINDOWS\System32\shlwapi.dll
0x00007ff949e70000 - 0x00007ff949e8f000 	C:\WINDOWS\SYSTEM32\profapi.dll
0x0000000060750000 - 0x0000000060759000 	C:\Program Files\Java\jre1.8.0_171\bin\dt_socket.dll
0x00007ff939870000 - 0x00007ff939887000 	C:\WINDOWS\system32\napinsp.dll
0x00007ff939850000 - 0x00007ff93986b000 	C:\WINDOWS\system32\pnrpnsp.dll
0x00007ff939830000 - 0x00007ff939845000 	C:\WINDOWS\system32\wshbth.dll
0x00007ff9458e0000 - 0x00007ff9458fd000 	C:\WINDOWS\system32\NLAapi.dll
0x00007ff949300000 - 0x00007ff94933b000 	C:\WINDOWS\SYSTEM32\IPHLPAPI.DLL
0x00007ff949670000 - 0x00007ff9496da000 	C:\WINDOWS\System32\mswsock.dll
0x00007ff949350000 - 0x00007ff94941b000 	C:\WINDOWS\SYSTEM32\DNSAPI.dll
0x00007ff94b7b0000 - 0x00007ff94b7b8000 	C:\WINDOWS\System32\NSI.dll
0x00007ff9397b0000 - 0x00007ff9397c2000 	C:\WINDOWS\System32\winrnr.dll
0x00007ff939c50000 - 0x00007ff939ccf000 	C:\WINDOWS\System32\fwpuclnt.dll
0x00007ff94a320000 - 0x00007ff94a347000 	C:\WINDOWS\System32\bcrypt.dll
0x00007ff93a140000 - 0x00007ff93a14a000 	C:\Windows\System32\rasadhlp.dll
0x0000000060780000 - 0x000000006078d000 	C:\Program Files\Java\jre1.8.0_171\bin\management.dll
0x00000000608c0000 - 0x00000000608da000 	C:\Program Files\Java\jre1.8.0_171\bin\net.dll
0x00000000608a0000 - 0x00000000608b1000 	C:\Program Files\Java\jre1.8.0_171\bin\nio.dll
0x00007ff949870000 - 0x00007ff949888000 	C:\WINDOWS\SYSTEM32\CRYPTSP.dll
0x00007ff948f90000 - 0x00007ff948fc4000 	C:\WINDOWS\system32\rsaenh.dll
0x00007ff949e30000 - 0x00007ff949e5e000 	C:\WINDOWS\SYSTEM32\USERENV.dll
0x00007ff94a290000 - 0x00007ff94a313000 	C:\WINDOWS\System32\bcryptprimitives.dll
0x00007ff949860000 - 0x00007ff94986c000 	C:\WINDOWS\SYSTEM32\CRYPTBASE.dll
0x00007ff943a80000 - 0x00007ff943a97000 	C:\WINDOWS\SYSTEM32\dhcpcsvc6.DLL
0x00007ff943e40000 - 0x00007ff943e5d000 	C:\WINDOWS\SYSTEM32\dhcpcsvc.DLL
0x00007ff9390c0000 - 0x00007ff9392a4000 	C:\WINDOWS\SYSTEM32\dbghelp.dll

VM Arguments:
jvm_args: -agentlib:jdwp=transport=dt_socket,suspend=y,address=localhost:61141 -Dcom.sun.management.jmxremote -Dcom.sun.management.jmxremote.port=61140 -Dcom.sun.management.jmxremote.authenticate=false -Dcom.sun.management.jmxremote.ssl=false -Djava.rmi.server.hostname=localhost -Dspring.jmx.enabled=true -Dspring.application.admin.enabled=true -Xverify:none -XX:TieredStopAtLevel=1 -Dfile.encoding=UTF-8 
java_command: com.example.demo.LibraryApplication --spring.output.ansi.enabled=always
java_class_path (initial): D:\ProjectWorkSpace\MhrdReport\backEnd\BackEnd-master\target\classes;C:\Users\Admin\Downloads\com.mysql.jdbc_5.1.5.jar;C:\Users\Admin\.m2\repository\org\springframework\boot\spring-boot-starter-data-jpa\2.1.5.RELEASE\spring-boot-starter-data-jpa-2.1.5.RELEASE.jar;C:\Users\Admin\.m2\repository\org\springframework\boot\spring-boot-starter-aop\2.1.5.RELEASE\spring-boot-starter-aop-2.1.5.RELEASE.jar;C:\Users\Admin\.m2\repository\org\aspectj\aspectjweaver\1.9.4\aspectjweaver-1.9.4.jar;C:\Users\Admin\.m2\repository\org\springframework\boot\spring-boot-starter-jdbc\2.1.5.RELEASE\spring-boot-starter-jdbc-2.1.5.RELEASE.jar;C:\Users\Admin\.m2\repository\org\springframework\spring-jdbc\5.1.7.RELEASE\spring-jdbc-5.1.7.RELEASE.jar;C:\Users\Admin\.m2\repository\javax\transaction\javax.transaction-api\1.3\javax.transaction-api-1.3.jar;C:\Users\Admin\.m2\repository\javax\xml\bind\jaxb-api\2.3.1\jaxb-api-2.3.1.jar;C:\Users\Admin\.m2\repository\javax\activation\javax.activation-api\1.2.0\javax.activation-api-1.2.0.jar;C:\Users\Admin\.m2\repository\org\hibernate\hibernate-core\5.3.10.Final\hibernate-core-5.3.10.Final.jar;C:\Users\Admin\.m2\repository\org\jboss\logging\jboss-logging\3.3.2.Final\jboss-logging-3.3.2.Final.jar;C:\Users\Admin\.m2\repository\javax\persistence\javax.persistence-api\2.2\javax.persistence-api-2.2.jar;C:\Users\Admin\.m2\repository\org\javassist\javassist\3.23.2-GA\javassist-3.23.2-GA.jar;C:\Users\Admin\.m2\repository\net\bytebuddy\byte-buddy\1.9.12\byte-buddy-1.9.12.jar;C:\Users\Admin\.m2\repository\antlr\antlr\2.7.7\antlr-2.7.7.jar;C:\Users\Admin\.m2\repository\org\jboss\jandex\2.0.5.Final\jandex-2.0.5.Final.jar;C:\Users\Admin\.m2\repository\com\fasterxml\classmate\1.4.0\classmate-1.4.0.jar;C:\Users\Admin\.m2\repository\org\dom4j\dom4j\2.1.1\dom4j-2.1.1.jar;C:\Users\Admin\.m2\repository\org\hibernate\common\hibernate-commons-annotations\5.0.4.Final\hibernate-commons-annotations-5.0.4.Final.jar;C:\Users\Admin\.m2\repository\org\spri
Launcher Type: SUN_STANDARD

Environment Variables:
PATH=C:/Program Files/Java/jre1.8.0_171/bin/server;C:/Program Files/Java/jre1.8.0_171/bin;C:/Program Files/Java/jre1.8.0_171/lib/amd64;C:\Program Files\nodejs\;C:\Program Files (x86)\Common Files\Oracle\Java\javapath;C:\Program Files (x86)\Intel\Intel(R) Management Engine Components\iCLS\;C:\Program Files\Intel\Intel(R) Management Engine Components\iCLS\;C:\WINDOWS\system32;C:\WINDOWS;C:\WINDOWS\System32\Wbem;C:\WINDOWS\System32\WindowsPowerShell\v1.0\;C:\WINDOWS\System32\OpenSSH\;C:\Program Files (x86)\Intel\Intel(R) Management Engine Components\DAL;C:\Program Files\Intel\Intel(R) Management Engine Components\DAL;C:\Program Files (x86)\Intel\Intel(R) Management Engine Components\IPT;C:\Program Files\Intel\Intel(R) Management Engine Components\IPT;C:\Program Files\Git\cmd;C:\Users\Admin\AppData\Roaming\npm\node_modules\@angular\cli\bin;C:\Users\Admin\AppData\Roaming\npm;C:\Users\Admin\AppData\Local\Programs\Microsoft VS Code\bin;C:\Users\Admin\AppData\Local\Microsoft\WindowsApps;C:\Users\Admin\AppData\Local\GitHubDesktop\bin;D:\software\STS Tool\sts-4.3.2.RELEASE;
USERNAME=Admin
OS=Windows_NT
PROCESSOR_IDENTIFIER=Intel64 Family 6 Model 158 Stepping 9, GenuineIntel



---------------  S Y S T E M  ---------------

OS: Windows 10.0 , 64 bit Build 19041 (10.0.19041.1348)

CPU:total 8 (initial active 8) (4 cores per cpu, 2 threads per core) family 6 model 158 stepping 9, cmov, cx8, fxsr, mmx, sse, sse2, sse3, ssse3, sse4.1, sse4.2, popcnt, avx, avx2, aes, clmul, erms, rtm, 3dnowpref, lzcnt, ht, tsc, tscinvbit, bmi1, bmi2, adx

Memory: 4k page, physical 8059864k(1839136k free), swap 11205592k(1631396k free)

vm_info: Java HotSpot(TM) 64-Bit Server VM (25.171-b11) for windows-amd64 JRE (1.8.0_171-b11), built on Mar 28 2018 16:06:12 by "java_re" with MS VC++ 10.0 (VS2010)

time: Tue Dec 14 11:45:07 2021
elapsed time: 704 seconds (0d 0h 11m 44s)

